<?xml version="1.0" encoding="UTF-8"?>
<!-- Generated by org.testng.reporters.JUnitReportReporter -->
<testsuite skipped="0" hostname="DESKTOP-8DIH8K0" name="Framework_coding.NewTest" tests="1" failures="0" timestamp="2020-01-06T21:35:00 EST" time="14.887" errors="0">
  <testcase name="f" time="14.887" classname="Framework_coding.NewTest"/>
</testsuite> <!-- Framework_coding.NewTest -->
